c:\users\deyvi\documents\imperioc\engine3d\engine3d\x64\debug\vc143.pdb
c:\users\deyvi\documents\imperioc\engine3d\engine3d\x64\debug\vc143.idb
c:\users\deyvi\documents\imperioc\engine3d\engine3d\x64\debug\main.obj
c:\users\deyvi\documents\imperioc\engine3d\engine3d\x64\debug\exemplo.obj
c:\users\deyvi\documents\imperioc\engine3d\engine3d\x64\debug\engine3d.ilk
c:\users\deyvi\documents\imperioc\engine3d\x64\debug\engine3d.pdb
c:\users\deyvi\documents\imperioc\engine3d\engine3d\x64\debug\engine3d.tlog\cl.command.1.tlog
c:\users\deyvi\documents\imperioc\engine3d\engine3d\x64\debug\engine3d.tlog\cl.items.tlog
c:\users\deyvi\documents\imperioc\engine3d\engine3d\x64\debug\engine3d.tlog\cl.read.1.tlog
c:\users\deyvi\documents\imperioc\engine3d\engine3d\x64\debug\engine3d.tlog\cl.write.1.tlog
c:\users\deyvi\documents\imperioc\engine3d\engine3d\x64\debug\engine3d.tlog\link-cvtres.read.1.tlog
c:\users\deyvi\documents\imperioc\engine3d\engine3d\x64\debug\engine3d.tlog\link-cvtres.write.1.tlog
c:\users\deyvi\documents\imperioc\engine3d\engine3d\x64\debug\engine3d.tlog\link-rc.read.1.tlog
c:\users\deyvi\documents\imperioc\engine3d\engine3d\x64\debug\engine3d.tlog\link-rc.write.1.tlog
c:\users\deyvi\documents\imperioc\engine3d\engine3d\x64\debug\engine3d.tlog\link.15180-cvtres.read.1.tlog
c:\users\deyvi\documents\imperioc\engine3d\engine3d\x64\debug\engine3d.tlog\link.15180-cvtres.write.1.tlog
c:\users\deyvi\documents\imperioc\engine3d\engine3d\x64\debug\engine3d.tlog\link.15180-rc.read.1.tlog
c:\users\deyvi\documents\imperioc\engine3d\engine3d\x64\debug\engine3d.tlog\link.15180-rc.write.1.tlog
c:\users\deyvi\documents\imperioc\engine3d\engine3d\x64\debug\engine3d.tlog\link.15180.read.1.tlog
c:\users\deyvi\documents\imperioc\engine3d\engine3d\x64\debug\engine3d.tlog\link.15180.read.3.tlog
c:\users\deyvi\documents\imperioc\engine3d\engine3d\x64\debug\engine3d.tlog\link.15180.write.1.tlog
c:\users\deyvi\documents\imperioc\engine3d\engine3d\x64\debug\engine3d.tlog\link.command.1.tlog
c:\users\deyvi\documents\imperioc\engine3d\engine3d\x64\debug\engine3d.tlog\link.read.1.tlog
c:\users\deyvi\documents\imperioc\engine3d\engine3d\x64\debug\engine3d.tlog\link.read.2.tlog
c:\users\deyvi\documents\imperioc\engine3d\engine3d\x64\debug\engine3d.tlog\link.secondary.1.tlog
c:\users\deyvi\documents\imperioc\engine3d\engine3d\x64\debug\engine3d.tlog\link.write.1.tlog
